TN:
SF:/Users/zenquan/Workspace/Joyrun/new/jrfe-utils/src/Os.js
FN:20,(anonymous_0)
FN:45,(anonymous_1)
FN:48,(anonymous_2)
FN:51,(anonymous_3)
FN:67,(anonymous_4)
FN:88,(anonymous_5)
FN:107,(anonymous_6)
FNF:7
FNH:3
FNDA:7,(anonymous_0)
FNDA:1,(anonymous_1)
FNDA:0,(anonymous_2)
FNDA:0,(anonymous_3)
FNDA:1,(anonymous_4)
FNDA:0,(anonymous_5)
FNDA:0,(anonymous_6)
DA:21,7
DA:22,7
DA:23,7
DA:24,7
DA:32,7
DA:46,1
DA:49,0
DA:52,0
DA:68,1
DA:71,0
DA:72,0
DA:73,0
DA:74,0
DA:75,0
DA:76,0
DA:77,0
DA:78,0
DA:80,0
DA:81,0
DA:89,0
DA:92,0
DA:108,0
DA:109,0
DA:111,0
DA:113,0
DA:114,0
DA:117,0
DA:121,0
DA:122,0
DA:125,0
LF:30
LH:7
BRDA:24,0,0,3
BRDA:24,0,1,4
BRDA:24,1,0,7
BRDA:24,1,1,4
BRDA:68,2,0,0
BRDA:68,2,1,0
BRDA:73,3,0,0
BRDA:73,3,1,0
BRDA:76,4,0,0
BRDA:76,4,1,0
BRDA:89,5,0,0
BRDA:89,5,1,0
BRDA:111,6,0,0
BRDA:111,6,1,0
BRDA:113,7,0,0
BRDA:113,7,1,0
BRF:16
BRH:4
end_of_record
